INFO  06:43:04 Application started. Press Ctrl+C to shut down.
INFO  06:43:04 Application started. Press Ctrl+C to shut down.
INFO  06:43:04 Hosting environment: Development
INFO  06:43:04 Hosting environment: Development
INFO  06:43:04 Content root path: C:\Users\vaidy\Pictures\Cognizant\Pension-Management-Portal-master\AuthorizationAPI
INFO  06:43:04 Content root path: C:\Users\vaidy\Pictures\Cognizant\Pension-Management-Portal-master\AuthorizationAPI
INFO  06:48:40 Login initiated!
INFO  06:48:40 Validating the User!
INFO  06:48:40 Token Is Generated!
INFO  04:25:18 Application started. Press Ctrl+C to shut down.
INFO  04:25:18 Application started. Press Ctrl+C to shut down.
INFO  04:25:18 Hosting environment: Development
INFO  04:25:18 Hosting environment: Development
INFO  04:25:18 Content root path: C:\Users\vaidy\Pictures\Cognizant\Pension-Management-Portal-master\AuthorizationAPI
INFO  04:25:18 Content root path: C:\Users\vaidy\Pictures\Cognizant\Pension-Management-Portal-master\AuthorizationAPI
INFO  04:28:43 Login initiated!
INFO  04:28:43 Validating the User!
INFO  04:28:43 Token Is Generated!
INFO  04:48:29 Login initiated!
INFO  04:48:29 Validating the User!
INFO  04:48:29 Token Is Generated!
INFO  06:15:48 Application started. Press Ctrl+C to shut down.
INFO  06:15:48 Application started. Press Ctrl+C to shut down.
INFO  06:15:48 Hosting environment: Development
INFO  06:15:48 Hosting environment: Development
INFO  06:15:48 Content root path: C:\Users\vaidy\Pictures\Cognizant\Pension-Management-Portal-master\AuthorizationAPI
INFO  06:15:48 Content root path: C:\Users\vaidy\Pictures\Cognizant\Pension-Management-Portal-master\AuthorizationAPI
INFO  06:20:49 Login initiated!
INFO  06:20:49 Validating the User!
INFO  06:20:49 Token Is Generated!
INFO  01:37:18 Application started. Press Ctrl+C to shut down.
INFO  01:37:18 Application started. Press Ctrl+C to shut down.
INFO  01:37:18 Hosting environment: Development
INFO  01:37:18 Hosting environment: Development
INFO  01:37:18 Content root path: C:\Users\vaidy\Desktop\Pension-Management-Portal-master\AuthorizationAPI
INFO  01:37:18 Content root path: C:\Users\vaidy\Desktop\Pension-Management-Portal-master\AuthorizationAPI
INFO  01:39:25 Login initiated!
INFO  01:39:25 Validating the User!
INFO  01:39:25 Token Is Generated!
INFO  02:00:04 Login initiated!
INFO  02:00:04 Validating the User!
INFO  02:00:04 Token Is Generated!
INFO  02:13:32 Application started. Press Ctrl+C to shut down.
INFO  02:13:32 Application started. Press Ctrl+C to shut down.
INFO  02:13:32 Hosting environment: Development
INFO  02:13:32 Hosting environment: Development
INFO  02:13:32 Content root path: C:\Users\vaidy\Desktop\Pension-Management-Portal-master\AuthorizationAPI
INFO  02:13:32 Content root path: C:\Users\vaidy\Desktop\Pension-Management-Portal-master\AuthorizationAPI
INFO  02:13:53 Login initiated!
INFO  02:13:53 Validating the User!
INFO  02:13:53 Token Is Generated!
INFO  12:21:46 Application started. Press Ctrl+C to shut down.
INFO  12:21:47 Application started. Press Ctrl+C to shut down.
INFO  12:21:47 Hosting environment: Development
INFO  12:21:47 Hosting environment: Development
INFO  12:21:47 Content root path: C:\Users\vaidy\Desktop\Pension-Management-Portal-master\AuthorizationAPI
INFO  12:21:47 Content root path: C:\Users\vaidy\Desktop\Pension-Management-Portal-master\AuthorizationAPI
INFO  12:37:46 Login initiated!
INFO  12:37:46 Validating the User!
INFO  12:37:46 Token Is Generated!
INFO  12:46:00 Login initiated!
INFO  12:46:00 Validating the User!
INFO  12:46:00 Token Is Generated!
INFO  12:50:45 Login initiated!
INFO  12:50:45 Validating the User!
INFO  12:50:45 Token Is Generated!
INFO  12:51:57 Login initiated!
INFO  12:51:57 Validating the User!
INFO  12:51:57 Token Is Generated!
INFO  12:53:34 Login initiated!
INFO  12:53:34 Validating the User!
INFO  12:53:34 Token Is Generated!
INFO  12:56:20 Login initiated!
INFO  12:56:20 Validating the User!
INFO  12:56:20 Token Is Generated!
INFO  12:57:34 Login initiated!
INFO  12:57:34 Validating the User!
INFO  12:57:34 Token Is Generated!
INFO  12:58:24 Login initiated!
INFO  12:58:24 Validating the User!
INFO  12:58:24 Token Is Generated!
INFO  01:17:27 Application started. Press Ctrl+C to shut down.
INFO  01:17:27 Application started. Press Ctrl+C to shut down.
INFO  01:17:27 Hosting environment: Development
INFO  01:17:27 Hosting environment: Development
INFO  01:17:27 Content root path: C:\Users\vaidy\Desktop\Pension-Management-Portal-master\AuthorizationAPI
INFO  01:17:27 Content root path: C:\Users\vaidy\Desktop\Pension-Management-Portal-master\AuthorizationAPI
INFO  01:18:40 Login initiated!
INFO  01:18:40 Validating the User!
INFO  01:18:40 Token Is Generated!
INFO  01:21:29 Login initiated!
INFO  01:21:29 Validating the User!
INFO  01:21:29 Token Is Generated!
INFO  01:24:25 Login initiated!
INFO  01:24:25 Validating the User!
INFO  01:24:25 Token Is Generated!
INFO  01:29:22 Login initiated!
INFO  01:29:22 Validating the User!
INFO  01:29:22 Token Is Generated!
INFO  05:02:12 Application started. Press Ctrl+C to shut down.
INFO  05:02:12 Application started. Press Ctrl+C to shut down.
INFO  05:02:12 Hosting environment: Development
INFO  05:02:12 Hosting environment: Development
INFO  05:02:12 Content root path: C:\Users\vaidy\Desktop\Pension-Management-Portal-master\AuthorizationAPI
INFO  05:02:12 Content root path: C:\Users\vaidy\Desktop\Pension-Management-Portal-master\AuthorizationAPI
INFO  05:05:41 Login initiated!
INFO  05:05:41 Validating the User!
INFO  05:05:41 Token Is Generated!
INFO  05:06:12 Login initiated!
INFO  05:06:12 Validating the User!
INFO  05:06:12 Token Is Generated!
INFO  05:15:57 Application started. Press Ctrl+C to shut down.
INFO  05:15:57 Application started. Press Ctrl+C to shut down.
INFO  05:15:57 Hosting environment: Development
INFO  05:15:57 Hosting environment: Development
INFO  05:15:57 Content root path: C:\Users\vaidy\Desktop\Pension-Management-Portal-master\AuthorizationAPI
INFO  05:15:57 Content root path: C:\Users\vaidy\Desktop\Pension-Management-Portal-master\AuthorizationAPI
INFO  05:16:25 Application started. Press Ctrl+C to shut down.
INFO  05:16:25 Application started. Press Ctrl+C to shut down.
INFO  05:16:25 Hosting environment: Development
INFO  05:16:25 Hosting environment: Development
INFO  05:16:25 Content root path: C:\Users\vaidy\Desktop\Pension-Management-Portal-master\AuthorizationAPI
INFO  05:16:25 Content root path: C:\Users\vaidy\Desktop\Pension-Management-Portal-master\AuthorizationAPI
INFO  05:17:13 Login initiated!
INFO  05:17:13 Validating the User!
INFO  05:17:13 Token Is Generated!
INFO  05:18:04 Login initiated!
INFO  05:18:04 Validating the User!
INFO  05:18:04 Token Is Generated!
INFO  05:29:57 Login initiated!
INFO  05:29:57 Validating the User!
INFO  05:29:57 Token Is Generated!
INFO  06:26:10 Login initiated!
INFO  06:26:10 Validating the User!
INFO  06:26:10 Token Is Generated!
INFO  06:29:26 Login initiated!
INFO  06:29:26 Validating the User!
INFO  06:29:26 Token Is Generated!
INFO  07:10:27 Application started. Press Ctrl+C to shut down.
INFO  07:10:27 Application started. Press Ctrl+C to shut down.
INFO  07:10:27 Hosting environment: Development
INFO  07:10:27 Hosting environment: Development
INFO  07:10:27 Content root path: C:\Users\vaidy\Desktop\Pension-Management-Portal-master\AuthorizationAPI
INFO  07:10:27 Content root path: C:\Users\vaidy\Desktop\Pension-Management-Portal-master\AuthorizationAPI
INFO  07:10:48 Login initiated!
INFO  07:10:48 Validating the User!
INFO  07:10:48 Token Is Generated!
INFO  07:17:04 Login initiated!
INFO  07:17:04 Validating the User!
INFO  07:17:04 Token Is Generated!
INFO  12:45:47 Application started. Press Ctrl+C to shut down.
INFO  12:45:47 Application started. Press Ctrl+C to shut down.
INFO  12:45:47 Hosting environment: Development
INFO  12:45:47 Hosting environment: Development
INFO  12:45:47 Content root path: C:\Users\vaidy\Desktop\Pension-Management-Portal-master\AuthorizationAPI
INFO  12:45:47 Content root path: C:\Users\vaidy\Desktop\Pension-Management-Portal-master\AuthorizationAPI
INFO  12:47:25 Login initiated!
INFO  12:47:25 Validating the User!
INFO  12:47:44 Login initiated!
INFO  12:47:44 Validating the User!
INFO  12:47:44 Token Is Generated!
INFO  01:00:26 Login initiated!
INFO  01:00:26 Validating the User!
INFO  01:00:26 Token Is Generated!
INFO  01:09:45 Login initiated!
INFO  01:09:45 Validating the User!
INFO  01:09:45 Token Is Generated!
INFO  01:30:54 Login initiated!
INFO  01:30:54 Validating the User!
INFO  01:30:54 Token Is Generated!
INFO  01:35:34 Login initiated!
INFO  01:35:34 Validating the User!
INFO  01:35:34 Token Is Generated!
INFO  01:37:37 Login initiated!
INFO  01:37:37 Validating the User!
INFO  01:37:37 Token Is Generated!
INFO  01:41:05 Login initiated!
INFO  01:41:05 Validating the User!
INFO  01:41:05 Token Is Generated!
INFO  01:43:24 Login initiated!
INFO  01:43:24 Validating the User!
INFO  01:43:24 Token Is Generated!
INFO  01:45:58 Login initiated!
INFO  01:45:58 Validating the User!
INFO  01:45:58 Token Is Generated!
INFO  01:47:47 Login initiated!
INFO  01:47:47 Validating the User!
INFO  01:47:47 Token Is Generated!
INFO  01:49:06 Login initiated!
INFO  01:49:06 Validating the User!
INFO  01:49:06 Token Is Generated!
INFO  03:17:44 Application started. Press Ctrl+C to shut down.
INFO  03:17:44 Application started. Press Ctrl+C to shut down.
INFO  03:17:44 Hosting environment: Development
INFO  03:17:44 Hosting environment: Development
INFO  03:17:44 Content root path: C:\Users\vaidy\Desktop\Pension-Management-Portal-master\AuthorizationAPI
INFO  03:17:44 Content root path: C:\Users\vaidy\Desktop\Pension-Management-Portal-master\AuthorizationAPI
INFO  03:18:39 Login initiated!
INFO  03:18:39 Validating the User!
INFO  03:18:39 Token Is Generated!
INFO  03:20:56 Login initiated!
INFO  03:20:56 Validating the User!
INFO  03:20:56 Token Is Generated!
INFO  03:24:07 Login initiated!
INFO  03:24:07 Validating the User!
INFO  03:24:07 Token Is Generated!
INFO  03:40:00 Login initiated!
INFO  03:40:00 Validating the User!
INFO  03:40:00 Token Is Generated!
INFO  03:41:31 Login initiated!
INFO  03:41:31 Validating the User!
INFO  03:41:31 Token Is Generated!
INFO  03:44:24 Login initiated!
INFO  03:44:24 Validating the User!
INFO  03:44:24 Token Is Generated!
INFO  03:46:55 Login initiated!
INFO  03:46:55 Validating the User!
INFO  03:46:55 Token Is Generated!
INFO  03:47:52 Login initiated!
INFO  03:47:52 Validating the User!
INFO  03:47:52 Token Is Generated!
INFO  03:49:30 Login initiated!
INFO  03:49:30 Validating the User!
INFO  03:49:30 Token Is Generated!
INFO  03:53:37 Login initiated!
INFO  03:53:37 Validating the User!
INFO  03:53:37 Token Is Generated!
INFO  02:04:16 Application started. Press Ctrl+C to shut down.
INFO  02:04:16 Application started. Press Ctrl+C to shut down.
INFO  02:04:16 Hosting environment: Development
INFO  02:04:16 Hosting environment: Development
INFO  02:04:16 Content root path: C:\Users\vaidy\Desktop\Pension-Management-Portal-master\AuthorizationAPI
INFO  02:04:16 Content root path: C:\Users\vaidy\Desktop\Pension-Management-Portal-master\AuthorizationAPI
INFO  02:11:11 Login initiated!
INFO  02:11:11 Validating the User!
INFO  02:11:11 Token Is Generated!
INFO  02:22:28 Login initiated!
INFO  02:22:28 Validating the User!
INFO  02:22:28 Token Is Generated!
INFO  12:20:38 Application started. Press Ctrl+C to shut down.
INFO  12:20:38 Application started. Press Ctrl+C to shut down.
INFO  12:20:38 Hosting environment: Development
INFO  12:20:38 Hosting environment: Development
INFO  12:20:38 Content root path: C:\Users\vaidy\Desktop\Pension-Management-Portal-master\AuthorizationAPI
INFO  12:20:38 Content root path: C:\Users\vaidy\Desktop\Pension-Management-Portal-master\AuthorizationAPI
INFO  12:30:46 Application started. Press Ctrl+C to shut down.
INFO  12:30:46 Application started. Press Ctrl+C to shut down.
INFO  12:30:46 Hosting environment: Development
INFO  12:30:46 Hosting environment: Development
INFO  12:30:46 Content root path: C:\Users\vaidy\Desktop\Pension-Management-Portal-master\AuthorizationAPI
INFO  12:30:46 Content root path: C:\Users\vaidy\Desktop\Pension-Management-Portal-master\AuthorizationAPI
INFO  12:33:46 Login initiated!
INFO  12:34:25 Validating the User!
INFO  12:37:13 Token Is Generated!
INFO  12:38:08 Application started. Press Ctrl+C to shut down.
INFO  12:38:08 Application started. Press Ctrl+C to shut down.
INFO  12:38:09 Hosting environment: Development
INFO  12:38:09 Hosting environment: Development
INFO  12:38:09 Content root path: C:\Users\vaidy\Desktop\Pension-Management-Portal-master\AuthorizationAPI
INFO  12:38:09 Content root path: C:\Users\vaidy\Desktop\Pension-Management-Portal-master\AuthorizationAPI
INFO  12:38:40 Login initiated!
INFO  12:38:50 Validating the User!
INFO  12:40:26 Token Is Generated!
INFO  05:17:07 Application started. Press Ctrl+C to shut down.
INFO  05:17:07 Application started. Press Ctrl+C to shut down.
INFO  05:17:07 Hosting environment: Development
INFO  05:17:07 Hosting environment: Development
INFO  05:17:07 Content root path: C:\Users\vaidy\Desktop\AuthorizationAPI
INFO  05:17:07 Content root path: C:\Users\vaidy\Desktop\AuthorizationAPI
INFO  05:18:08 Login initiated!
INFO  05:18:08 Validating the User!
INFO  05:19:06 Token Is Generated!
INFO  07:45:09 Application started. Press Ctrl+C to shut down.
INFO  07:45:09 Application started. Press Ctrl+C to shut down.
INFO  07:45:09 Hosting environment: Development
INFO  07:45:09 Hosting environment: Development
INFO  07:45:09 Content root path: C:\Users\vaidy\Desktop\AuthorizationAPI
INFO  07:45:09 Content root path: C:\Users\vaidy\Desktop\AuthorizationAPI
INFO  07:46:01 Login initiated!
INFO  07:46:01 Validating the User!
INFO  07:46:01 Token Is Generated!
INFO  11:09:23 Application started. Press Ctrl+C to shut down.
INFO  11:09:23 Application started. Press Ctrl+C to shut down.
INFO  11:09:23 Hosting environment: Development
INFO  11:09:23 Hosting environment: Development
INFO  11:09:23 Content root path: C:\Users\vaidy\Desktop\AuthorizationAPI
INFO  11:09:23 Content root path: C:\Users\vaidy\Desktop\AuthorizationAPI
INFO  12:34:01 Application started. Press Ctrl+C to shut down.
INFO  12:34:01 Application started. Press Ctrl+C to shut down.
INFO  12:34:01 Hosting environment: Development
INFO  12:34:01 Hosting environment: Development
INFO  12:34:01 Content root path: C:\Users\vaidy\Desktop\AuthorizationAPI
INFO  12:34:01 Content root path: C:\Users\vaidy\Desktop\AuthorizationAPI
INFO  12:35:48 Login initiated!
INFO  12:35:48 Validating the User!
INFO  12:35:48 Token Is Generated!
INFO  01:07:30 Login initiated!
INFO  01:07:30 Validating the User!
INFO  01:07:30 Token Is Generated!
INFO  01:07:31 Login initiated!
INFO  01:07:31 Validating the User!
INFO  01:07:31 Token Is Generated!
INFO  01:17:38 Application started. Press Ctrl+C to shut down.
INFO  01:17:38 Application started. Press Ctrl+C to shut down.
INFO  01:17:38 Hosting environment: Development
INFO  01:17:38 Hosting environment: Development
INFO  01:17:38 Content root path: C:\Users\vaidy\Desktop\AuthorizationAPI
INFO  01:17:38 Content root path: C:\Users\vaidy\Desktop\AuthorizationAPI
INFO  01:20:18 Application started. Press Ctrl+C to shut down.
INFO  01:20:18 Application started. Press Ctrl+C to shut down.
INFO  01:20:18 Hosting environment: Development
INFO  01:20:18 Hosting environment: Development
INFO  01:20:18 Content root path: C:\Users\vaidy\Desktop\AuthorizationAPI
INFO  01:20:18 Content root path: C:\Users\vaidy\Desktop\AuthorizationAPI
INFO  07:39:31 Application started. Press Ctrl+C to shut down.
INFO  07:39:32 Application started. Press Ctrl+C to shut down.
INFO  07:39:32 Hosting environment: Development
INFO  07:39:32 Hosting environment: Development
INFO  07:39:32 Content root path: C:\Users\vaidy\Desktop\AuthorizationAPI
INFO  07:39:32 Content root path: C:\Users\vaidy\Desktop\AuthorizationAPI
INFO  07:47:46 Login initiated!
INFO  07:47:46 Validating the User!
INFO  07:47:46 Token Is Generated!
INFO  12:16:50 Application started. Press Ctrl+C to shut down.
INFO  12:16:50 Application started. Press Ctrl+C to shut down.
INFO  12:16:50 Hosting environment: Development
INFO  12:16:50 Hosting environment: Development
INFO  12:16:50 Content root path: C:\Users\vaidy\Desktop\AuthorizationAPI
INFO  12:16:50 Content root path: C:\Users\vaidy\Desktop\AuthorizationAPI
INFO  12:54:19 Login initiated!
INFO  12:54:19 Validating the User!
INFO  12:54:19 Token Is Generated!
INFO  06:30:50 Application started. Press Ctrl+C to shut down.
INFO  06:30:52 Application started. Press Ctrl+C to shut down.
INFO  06:30:52 Hosting environment: Development
INFO  06:30:52 Hosting environment: Development
INFO  06:30:52 Content root path: C:\Users\vaidy\Desktop\AuthorizationAPI
INFO  06:30:52 Content root path: C:\Users\vaidy\Desktop\AuthorizationAPI
INFO  07:44:20 Application started. Press Ctrl+C to shut down.
INFO  07:44:20 Application started. Press Ctrl+C to shut down.
INFO  07:44:20 Hosting environment: Development
INFO  07:44:20 Hosting environment: Development
INFO  07:44:20 Content root path: C:\Users\vaidy\Desktop\AuthorizationAPI
INFO  07:44:20 Content root path: C:\Users\vaidy\Desktop\AuthorizationAPI
INFO  07:59:49 Login initiated!
INFO  07:59:49 Validating the User!
INFO  07:59:49 Token Is Generated!
INFO  11:19:29 Application started. Press Ctrl+C to shut down.
INFO  11:19:30 Application started. Press Ctrl+C to shut down.
INFO  11:19:30 Hosting environment: Development
INFO  11:19:30 Hosting environment: Development
INFO  11:19:30 Content root path: C:\Users\vaidy\Desktop\AuthorizationAPI
INFO  11:19:30 Content root path: C:\Users\vaidy\Desktop\AuthorizationAPI
INFO  11:23:27 Login initiated!
INFO  11:23:27 Validating the User!
INFO  11:23:27 Token Is Generated!
INFO  11:28:58 Login initiated!
INFO  11:28:58 Validating the User!
INFO  11:28:58 Token Is Generated!
INFO  11:29:41 Login initiated!
INFO  11:29:41 Validating the User!
INFO  11:29:41 Token Is Generated!
INFO  11:40:34 Login initiated!
INFO  11:40:34 Validating the User!
INFO  11:40:34 Token Is Generated!
INFO  12:16:43 Login initiated!
INFO  12:16:43 Validating the User!
INFO  12:16:43 Token Is Generated!
INFO  10:29:09 Application started. Press Ctrl+C to shut down.
INFO  10:29:09 Application started. Press Ctrl+C to shut down.
INFO  10:29:09 Hosting environment: Development
INFO  10:29:09 Hosting environment: Development
INFO  10:29:09 Content root path: C:\Users\vaidy\Desktop\AuthorizationAPI
INFO  10:29:09 Content root path: C:\Users\vaidy\Desktop\AuthorizationAPI
INFO  10:35:00 Login initiated!
INFO  10:35:00 Validating the User!
INFO  10:35:00 Token Is Generated!
INFO  11:56:42 Application started. Press Ctrl+C to shut down.
INFO  11:56:42 Application started. Press Ctrl+C to shut down.
INFO  11:56:42 Hosting environment: Development
INFO  11:56:42 Hosting environment: Development
INFO  11:56:42 Content root path: C:\Users\vaidy\Desktop\AuthorizationAPI
INFO  11:56:42 Content root path: C:\Users\vaidy\Desktop\AuthorizationAPI
INFO  12:02:59 Login initiated!
INFO  12:02:59 Login initiated!
INFO  12:02:59 Validating the User!
INFO  12:02:59 Validating the User!
INFO  12:02:59 Token Is Generated!
INFO  12:02:59 Token Is Generated!
INFO  02:32:22 Application started. Press Ctrl+C to shut down.
INFO  02:32:22 Application started. Press Ctrl+C to shut down.
INFO  02:32:22 Hosting environment: Development
INFO  02:32:22 Hosting environment: Development
INFO  02:32:22 Content root path: C:\Users\vaidy\Desktop\AuthorizationAPI
INFO  02:32:22 Content root path: C:\Users\vaidy\Desktop\AuthorizationAPI
INFO  06:13:01 Application started. Press Ctrl+C to shut down.
INFO  06:13:01 Application started. Press Ctrl+C to shut down.
INFO  06:13:01 Hosting environment: Development
INFO  06:13:01 Hosting environment: Development
INFO  06:13:01 Content root path: C:\Users\vaidy\Desktop\AuthorizationAPI
INFO  06:13:01 Content root path: C:\Users\vaidy\Desktop\AuthorizationAPI
INFO  06:13:19 Login initiated!
INFO  06:13:19 Validating the User!
INFO  06:13:19 Token Is Generated!
INFO  06:15:10 Login initiated!
INFO  06:15:10 Validating the User!
INFO  06:15:10 Token Is Generated!
INFO  06:16:26 Login initiated!
INFO  06:16:26 Validating the User!
INFO  06:17:52 Login initiated!
INFO  06:17:52 Validating the User!
INFO  06:18:01 Login initiated!
INFO  06:18:01 Validating the User!
INFO  06:18:01 Token Is Generated!
INFO  06:38:12 Login initiated!
INFO  06:38:12 Validating the User!
INFO  06:41:38 Login initiated!
INFO  06:41:38 Validating the User!
INFO  06:41:38 Token Is Generated!
INFO  07:03:46 Login initiated!
INFO  07:03:46 Validating the User!
INFO  07:03:46 Token Is Generated!
INFO  07:05:07 Login initiated!
INFO  07:05:07 Validating the User!
INFO  07:05:07 Token Is Generated!
INFO  07:16:57 Login initiated!
INFO  07:16:57 Validating the User!
INFO  07:16:58 Token Is Generated!
INFO  07:28:08 Login initiated!
INFO  07:28:08 Validating the User!
INFO  07:28:08 Token Is Generated!
INFO  07:30:53 Login initiated!
INFO  07:30:53 Validating the User!
INFO  07:30:53 Token Is Generated!
INFO  07:32:05 Login initiated!
INFO  07:32:06 Validating the User!
INFO  07:32:06 Token Is Generated!
INFO  07:33:34 Login initiated!
INFO  07:33:34 Validating the User!
INFO  07:33:34 Token Is Generated!
INFO  07:35:58 Login initiated!
INFO  07:35:58 Validating the User!
INFO  07:35:58 Token Is Generated!
INFO  07:43:59 Login initiated!
INFO  07:43:59 Validating the User!
INFO  07:43:59 Token Is Generated!
INFO  07:45:12 Login initiated!
INFO  07:45:12 Validating the User!
INFO  07:45:12 Token Is Generated!
INFO  07:46:12 Login initiated!
INFO  07:46:12 Validating the User!
INFO  07:46:26 Login initiated!
INFO  07:46:26 Validating the User!
INFO  07:46:26 Token Is Generated!
INFO  07:47:04 Login initiated!
INFO  07:47:04 Validating the User!
INFO  07:47:04 Token Is Generated!
INFO  07:53:00 Login initiated!
INFO  07:53:00 Validating the User!
INFO  07:53:00 Token Is Generated!
INFO  07:53:35 Login initiated!
INFO  07:53:35 Validating the User!
INFO  07:53:35 Token Is Generated!
INFO  10:08:54 Application started. Press Ctrl+C to shut down.
INFO  10:08:55 Application started. Press Ctrl+C to shut down.
INFO  10:08:55 Hosting environment: Development
INFO  10:08:55 Hosting environment: Development
INFO  10:08:55 Content root path: C:\Users\vaidy\Desktop\AuthorizationAPI
INFO  10:08:55 Content root path: C:\Users\vaidy\Desktop\AuthorizationAPI
INFO  10:44:17 Application started. Press Ctrl+C to shut down.
INFO  10:44:17 Application started. Press Ctrl+C to shut down.
INFO  10:44:17 Hosting environment: Development
INFO  10:44:17 Hosting environment: Development
INFO  10:44:17 Content root path: C:\Users\vaidy\Desktop\AuthorizationAPI
INFO  10:44:17 Content root path: C:\Users\vaidy\Desktop\AuthorizationAPI
INFO  10:58:07 Login initiated!
INFO  10:58:07 Validating the User!
INFO  10:59:25 Login initiated!
INFO  10:59:25 Validating the User!
INFO  10:59:25 Token Is Generated!
INFO  11:22:40 Login initiated!
INFO  11:22:40 Validating the User!
INFO  11:22:40 Token Is Generated!
INFO  11:34:23 Login initiated!
INFO  11:34:23 Validating the User!
INFO  11:34:23 Token Is Generated!
INFO  11:41:34 Login initiated!
INFO  11:41:34 Validating the User!
INFO  11:41:34 Token Is Generated!
INFO  12:09:58 Login initiated!
INFO  12:09:58 Validating the User!
INFO  12:09:58 Token Is Generated!
INFO  12:15:34 Login initiated!
INFO  12:15:34 Validating the User!
INFO  12:15:34 Token Is Generated!
INFO  01:20:34 Login initiated!
INFO  01:20:34 Validating the User!
INFO  01:20:34 Token Is Generated!
INFO  01:23:11 Login initiated!
INFO  01:23:11 Validating the User!
INFO  01:23:11 Token Is Generated!
INFO  02:13:04 Login initiated!
INFO  02:13:04 Validating the User!
INFO  02:13:04 Token Is Generated!
INFO  11:26:00 Application started. Press Ctrl+C to shut down.
INFO  11:26:01 Application started. Press Ctrl+C to shut down.
INFO  11:26:01 Hosting environment: Development
INFO  11:26:01 Hosting environment: Development
INFO  11:26:01 Content root path: C:\Users\vaidy\Desktop\AuthorizationAPI
INFO  11:26:01 Content root path: C:\Users\vaidy\Desktop\AuthorizationAPI
INFO  12:15:01 Login initiated!
INFO  12:15:01 Validating the User!
INFO  12:15:01 Token Is Generated!
INFO  12:47:04 Login initiated!
INFO  12:47:04 Validating the User!
INFO  12:47:04 Token Is Generated!
INFO  12:55:12 Login initiated!
INFO  12:55:12 Validating the User!
INFO  12:59:14 Login initiated!
INFO  12:59:14 Validating the User!
INFO  12:59:14 Token Is Generated!
INFO  01:14:41 Login initiated!
INFO  01:14:41 Validating the User!
INFO  01:14:41 Token Is Generated!
INFO  02:46:08 Application started. Press Ctrl+C to shut down.
INFO  02:46:08 Application started. Press Ctrl+C to shut down.
INFO  02:46:08 Hosting environment: Development
INFO  02:46:08 Hosting environment: Development
INFO  02:46:08 Content root path: C:\Users\vaidy\Desktop\AuthorizationAPI
INFO  02:46:08 Content root path: C:\Users\vaidy\Desktop\AuthorizationAPI
INFO  03:57:12 Login initiated!
INFO  03:57:12 Validating the User!
INFO  03:57:12 Token Is Generated!
INFO  12:13:02 Application started. Press Ctrl+C to shut down.
INFO  12:13:03 Application started. Press Ctrl+C to shut down.
INFO  12:13:03 Hosting environment: Development
INFO  12:13:03 Hosting environment: Development
INFO  12:13:03 Content root path: C:\Users\vaidy\Desktop\AuthorizationAPI
INFO  12:13:03 Content root path: C:\Users\vaidy\Desktop\AuthorizationAPI
INFO  12:18:31 Login initiated!
INFO  12:18:31 Validating the User!
INFO  12:18:31 Token Is Generated!
INFO  09:36:01 Application started. Press Ctrl+C to shut down.
INFO  09:36:01 Application started. Press Ctrl+C to shut down.
INFO  09:36:01 Hosting environment: Development
INFO  09:36:01 Hosting environment: Development
INFO  09:36:01 Content root path: C:\Users\vaidy\Desktop\AuthorizationAPI
INFO  09:36:01 Content root path: C:\Users\vaidy\Desktop\AuthorizationAPI
INFO  09:36:43 Login initiated!
INFO  09:36:43 Validating the User!
INFO  09:36:43 Token Is Generated!
INFO  10:59:15 Login initiated!
INFO  10:59:15 Validating the User!
INFO  10:59:15 Token Is Generated!
INFO  02:10:59 Login initiated!
INFO  02:10:59 Validating the User!
INFO  02:10:59 Token Is Generated!
INFO  10:40:45 Application started. Press Ctrl+C to shut down.
INFO  10:40:45 Application started. Press Ctrl+C to shut down.
INFO  10:40:45 Hosting environment: Development
INFO  10:40:45 Hosting environment: Development
INFO  10:40:45 Content root path: C:\Users\vaidy\Desktop\AuthorizationAPI
INFO  10:40:45 Content root path: C:\Users\vaidy\Desktop\AuthorizationAPI
INFO  10:47:55 Login initiated!
INFO  10:47:55 Validating the User!
INFO  10:47:55 Token Is Generated!
INFO  12:15:29 Application started. Press Ctrl+C to shut down.
INFO  12:15:29 Application started. Press Ctrl+C to shut down.
INFO  12:15:29 Hosting environment: Development
INFO  12:15:29 Hosting environment: Development
INFO  12:15:29 Content root path: C:\Users\vaidy\Desktop\AuthorizationAPI
INFO  12:15:29 Content root path: C:\Users\vaidy\Desktop\AuthorizationAPI
INFO  12:18:06 Login initiated!
INFO  12:18:06 Validating the User!
INFO  12:18:06 Token Is Generated!
INFO  02:41:09 Application started. Press Ctrl+C to shut down.
INFO  02:41:09 Application started. Press Ctrl+C to shut down.
INFO  02:41:09 Hosting environment: Development
INFO  02:41:09 Hosting environment: Development
INFO  02:41:09 Content root path: C:\Users\vaidy\Desktop\AuthorizationAPI
INFO  02:41:09 Content root path: C:\Users\vaidy\Desktop\AuthorizationAPI
INFO  02:45:25 Login initiated!
INFO  02:45:25 Validating the User!
INFO  02:45:25 Token Is Generated!
INFO  02:48:43 Login initiated!
INFO  02:48:43 Validating the User!
INFO  02:48:43 Token Is Generated!
INFO  02:50:51 Login initiated!
INFO  02:50:51 Validating the User!
INFO  02:50:51 Token Is Generated!
INFO  02:52:40 Login initiated!
INFO  02:52:40 Validating the User!
INFO  02:52:40 Token Is Generated!
INFO  02:57:44 Login initiated!
INFO  02:57:44 Validating the User!
INFO  02:57:44 Token Is Generated!
INFO  03:00:16 Login initiated!
INFO  03:00:16 Validating the User!
INFO  03:00:16 Token Is Generated!
INFO  03:02:20 Login initiated!
INFO  03:02:20 Validating the User!
INFO  03:02:20 Token Is Generated!
INFO  03:03:21 Login initiated!
INFO  03:03:21 Validating the User!
INFO  03:03:21 Token Is Generated!
INFO  10:29:44 Application started. Press Ctrl+C to shut down.
INFO  10:29:45 Application started. Press Ctrl+C to shut down.
INFO  10:29:45 Hosting environment: Development
INFO  10:29:45 Hosting environment: Development
INFO  10:29:45 Content root path: C:\Users\vaidy\Desktop\AuthorizationAPI
INFO  10:29:45 Content root path: C:\Users\vaidy\Desktop\AuthorizationAPI
INFO  11:19:51 Application started. Press Ctrl+C to shut down.
INFO  11:19:51 Application started. Press Ctrl+C to shut down.
INFO  11:19:51 Hosting environment: Development
INFO  11:19:51 Hosting environment: Development
INFO  11:19:51 Content root path: C:\Users\vaidy\Desktop\AuthorizationAPI
INFO  11:19:51 Content root path: C:\Users\vaidy\Desktop\AuthorizationAPI
INFO  11:41:14 Login initiated!
INFO  11:41:14 Validating the User!
INFO  11:41:14 Token Is Generated!
INFO  11:50:51 Login initiated!
INFO  11:50:51 Validating the User!
INFO  11:50:51 Token Is Generated!
INFO  11:55:20 Login initiated!
INFO  11:55:20 Validating the User!
INFO  11:55:20 Token Is Generated!
INFO  01:56:31 Application started. Press Ctrl+C to shut down.
INFO  01:56:31 Application started. Press Ctrl+C to shut down.
INFO  01:56:31 Hosting environment: Development
INFO  01:56:31 Hosting environment: Development
INFO  01:56:31 Content root path: C:\Users\vaidy\Desktop\AuthorizationAPI
INFO  01:56:31 Content root path: C:\Users\vaidy\Desktop\AuthorizationAPI
INFO  01:57:19 Login initiated!
INFO  01:57:19 Validating the User!
INFO  01:57:19 Token Is Generated!
INFO  02:10:58 Application started. Press Ctrl+C to shut down.
INFO  02:10:58 Application started. Press Ctrl+C to shut down.
INFO  02:10:58 Hosting environment: Development
INFO  02:10:58 Hosting environment: Development
INFO  02:10:58 Content root path: C:\Users\vaidy\Desktop\AuthorizationAPI
INFO  02:10:58 Content root path: C:\Users\vaidy\Desktop\AuthorizationAPI
INFO  02:11:21 Login initiated!
INFO  02:11:21 Validating the User!
INFO  02:11:21 Token Is Generated!
INFO  02:18:33 Application started. Press Ctrl+C to shut down.
INFO  02:18:33 Application started. Press Ctrl+C to shut down.
INFO  02:18:33 Hosting environment: Development
INFO  02:18:33 Hosting environment: Development
INFO  02:18:33 Content root path: C:\Users\vaidy\Desktop\AuthorizationAPI
INFO  02:18:33 Content root path: C:\Users\vaidy\Desktop\AuthorizationAPI
INFO  02:59:05 Login initiated!
INFO  02:59:05 Validating the User!
INFO  02:59:05 GetUserCred is called.
INFO  02:59:05 User is not authenticated!
INFO  02:59:21 Login initiated!
INFO  02:59:21 Validating the User!
INFO  02:59:21 GetUserCred is called.
INFO  02:59:21 Token Is Generated!
INFO  02:59:24 User is authenticated. Returning token generated
INFO  03:10:53 Login initiated!
INFO  03:10:53 Validating the User!
INFO  03:10:53 GetUserCred is called.
INFO  03:10:53 Token Is Generated!
INFO  03:10:53 User is authenticated. Returning token generated
INFO  03:27:03 Login initiated!
INFO  03:27:03 Validating the User!
INFO  03:27:03 GetUserCred is called.
INFO  03:27:03 Token Is Generated!
INFO  03:27:03 User is authenticated. Returning token generated
INFO  03:42:53 Login initiated!
INFO  03:42:53 Validating the User!
INFO  03:42:53 GetUserCred is called.
INFO  03:42:53 Token Is Generated!
INFO  03:42:53 User is authenticated. Returning token generated
INFO  03:47:36 Login initiated!
INFO  03:47:36 Validating the User!
INFO  03:47:36 GetUserCred is called.
INFO  03:47:36 Token Is Generated!
INFO  03:47:36 User is authenticated. Returning token generated
